<?xml version="1.0" encoding="UTF-8"?>
<!-- Generated by org.testng.reporters.JUnitReportReporter -->
<testsuite hostname="LAPTOP-0T08PU4H" failures="0" tests="2" name="testClases.LoginPageTest" time="4.074" errors="0" timestamp="2024-08-23T11:41:54 IST" skipped="0">
  <testcase classname="testClases.LoginPageTest" name="loginWithValidCredentials" time="4.061"/>
  <testcase classname="testClases.LoginPageTest" name="checkTitle" time="0.013"/>
</testsuite> <!-- testClases.LoginPageTest -->
